2023-12-14 16:40:50.189 | INFO  | [RID-] [UID-] org.hibernate.validator.internal.util.Version:21 => HV000001: Hibernate Validator 8.0.1.Final
2023-12-14 16:40:50.221 | INFO  | [RID-] [UID-] fun.isite.service.api.admin.AdminApiApplication:50 => Starting AdminApiApplication using Java 17.0.9 with PID 26252 (/Users/Enigma/WorkSpace/IdeaProjects/eg-service/service-api/service-api-admin/target/classes started by Enigma in /Users/Enigma/WorkSpace/IdeaProjects/eg-service)
2023-12-14 16:40:50.221 | INFO  | [RID-] [UID-] fun.isite.service.api.admin.AdminApiApplication:653 => No active profile set, falling back to 1 default profile: "default"
2023-12-14 16:40:50.576 | INFO  | [RID-] [UID-] o.s.d.r.config.RepositoryConfigurationDelegate:292 => Multiple Spring Data modules found, entering strict repository configuration mode
2023-12-14 16:40:50.577 | INFO  | [RID-] [UID-] o.s.d.r.config.RepositoryConfigurationDelegate:139 => Bootstrapping Spring Data Redis repositories in DEFAULT mode.
2023-12-14 16:40:50.590 | INFO  | [RID-] [UID-] o.s.d.r.config.RepositoryConfigurationDelegate:208 => Finished Spring Data repository scanning in 5 ms. Found 0 Redis repository interfaces.
2023-12-14 16:40:50.639 | WARN  | [RID-] [UID-] org.mybatis.spring.mapper.ClassPathMapperScanner:44 => No MyBatis mapper was found in '[fun.isite.service.**.mapper]' package. Please check your configuration.
2023-12-14 16:40:50.925 | INFO  | [RID-] [UID-] o.s.boot.web.embedded.tomcat.TomcatWebServer:108 => Tomcat initialized with port 8080 (http)
2023-12-14 16:40:50.930 | INFO  | [RID-] [UID-] org.apache.coyote.http11.Http11NioProtocol:173 => Initializing ProtocolHandler ["http-nio-8080"]
2023-12-14 16:40:50.931 | INFO  | [RID-] [UID-] org.apache.catalina.core.StandardService:173 => Starting service [Tomcat]
2023-12-14 16:40:50.931 | INFO  | [RID-] [UID-] org.apache.catalina.core.StandardEngine:173 => Starting Servlet engine: [Apache Tomcat/10.1.16]
2023-12-14 16:40:50.962 | INFO  | [RID-] [UID-] o.a.c.core.ContainerBase.[Tomcat].[localhost].[/]:173 => Initializing Spring embedded WebApplicationContext
2023-12-14 16:40:50.962 | INFO  | [RID-] [UID-] o.s.b.w.s.c.ServletWebServerApplicationContext:296 => Root WebApplicationContext: initialization completed in 722 ms
2023-12-14 16:40:50.999 | WARN  | [RID-] [UID-] o.s.b.w.s.c.AnnotationConfigServletWebServerApplicationContext:624 => Exception encountered during context initialization - cancelling refresh attempt: org.springframework.beans.factory.BeanCreationException: Error creating bean with name 'basicConfig': Injection of autowired dependencies failed
2023-12-14 16:40:51.002 | INFO  | [RID-] [UID-] org.apache.catalina.core.StandardService:173 => Stopping service [Tomcat]
2023-12-14 16:40:51.012 | INFO  | [RID-] [UID-] o.s.b.a.logging.ConditionEvaluationReportLogger:82 => 

Error starting ApplicationContext. To display the condition evaluation report re-run your application with 'debug' enabled.
2023-12-14 16:40:51.019 | ERROR  | [RID-] [UID-] org.springframework.boot.SpringApplication:839 => Application run failed
org.springframework.beans.factory.BeanCreationException: Error creating bean with name 'basicConfig': Injection of autowired dependencies failed
	at org.springframework.beans.factory.annotation.AutowiredAnnotationBeanPostProcessor.postProcessProperties(AutowiredAnnotationBeanPostProcessor.java:499)
	at org.springframework.beans.factory.support.AbstractAutowireCapableBeanFactory.populateBean(AbstractAutowireCapableBeanFactory.java:1420)
	at org.springframework.beans.factory.support.AbstractAutowireCapableBeanFactory.doCreateBean(AbstractAutowireCapableBeanFactory.java:600)
	at org.springframework.beans.factory.support.AbstractAutowireCapableBeanFactory.createBean(AbstractAutowireCapableBeanFactory.java:523)
	at org.springframework.beans.factory.support.AbstractBeanFactory.lambda$doGetBean$0(AbstractBeanFactory.java:325)
	at org.springframework.beans.factory.support.DefaultSingletonBeanRegistry.getSingleton(DefaultSingletonBeanRegistry.java:234)
	at org.springframework.beans.factory.support.AbstractBeanFactory.doGetBean(AbstractBeanFactory.java:323)
	at org.springframework.beans.factory.support.AbstractBeanFactory.getBean(AbstractBeanFactory.java:199)
	at org.springframework.beans.factory.support.DefaultListableBeanFactory.preInstantiateSingletons(DefaultListableBeanFactory.java:973)
	at org.springframework.context.support.AbstractApplicationContext.finishBeanFactoryInitialization(AbstractApplicationContext.java:946)
	at org.springframework.context.support.AbstractApplicationContext.refresh(AbstractApplicationContext.java:616)
	at org.springframework.boot.web.servlet.context.ServletWebServerApplicationContext.refresh(ServletWebServerApplicationContext.java:146)
	at org.springframework.boot.SpringApplication.refresh(SpringApplication.java:753)
	at org.springframework.boot.SpringApplication.refreshContext(SpringApplication.java:455)
	at org.springframework.boot.SpringApplication.run(SpringApplication.java:323)
	at org.springframework.boot.SpringApplication.run(SpringApplication.java:1342)
	at org.springframework.boot.SpringApplication.run(SpringApplication.java:1331)
	at fun.isite.service.api.admin.AdminApiApplication.main(AdminApiApplication.java:15)
Caused by: java.lang.IllegalArgumentException: Could not resolve placeholder 'spring.application.name' in value "${spring.application.name}"
	at org.springframework.util.PropertyPlaceholderHelper.parseStringValue(PropertyPlaceholderHelper.java:180)
	at org.springframework.util.PropertyPlaceholderHelper.replacePlaceholders(PropertyPlaceholderHelper.java:126)
	at org.springframework.core.env.AbstractPropertyResolver.doResolvePlaceholders(AbstractPropertyResolver.java:239)
	at org.springframework.core.env.AbstractPropertyResolver.resolveRequiredPlaceholders(AbstractPropertyResolver.java:210)
	at org.springframework.context.support.PropertySourcesPlaceholderConfigurer.lambda$processProperties$0(PropertySourcesPlaceholderConfigurer.java:200)
	at org.springframework.beans.factory.support.AbstractBeanFactory.resolveEmbeddedValue(AbstractBeanFactory.java:921)
	at org.springframework.beans.factory.support.DefaultListableBeanFactory.doResolveDependency(DefaultListableBeanFactory.java:1372)
	at org.springframework.beans.factory.support.DefaultListableBeanFactory.resolveDependency(DefaultListableBeanFactory.java:1348)
	at org.springframework.beans.factory.annotation.AutowiredAnnotationBeanPostProcessor$AutowiredFieldElement.resolveFieldValue(AutowiredAnnotationBeanPostProcessor.java:769)
	at org.springframework.beans.factory.annotation.AutowiredAnnotationBeanPostProcessor$AutowiredFieldElement.inject(AutowiredAnnotationBeanPostProcessor.java:752)
	at org.springframework.beans.factory.annotation.InjectionMetadata.inject(InjectionMetadata.java:145)
	at org.springframework.beans.factory.annotation.AutowiredAnnotationBeanPostProcessor.postProcessProperties(AutowiredAnnotationBeanPostProcessor.java:493)
	... 17 common frames omitted
